<?xml version="1.0" encoding="UTF-8"?>
<!-- Generated by org.testng.reporters.JUnitXMLReporter -->
<testsuite ignored="0" hostname="NisthaSahey" failures="0" tests="4" name="Test" time="15.229" errors="0" timestamp="2023-10-26T15:20:59 IST">
  <testcase classname="testScripts.LoginListnersTest" name="loginTest" time="1.416"/>
  <testcase classname="testScripts.LoginListnersTest" name="loginTest" time="1.332"/>
  <testcase classname="testScripts.LoginListnersTest" name="loginTest" time="1.107"/>
  <testcase classname="testScripts.LoginListnersTest" name="loginTest" time="1.108"/>
</testsuite> <!-- Test -->
