<?xml version="1.0" encoding="UTF-8"?>
<testng-results ignored="0" total="1" passed="1" failed="0" skipped="0">
  <reporter-output>
  </reporter-output>
  <suite started-at="2023-10-28T11:10:09 IST" name="Default suite" finished-at="2023-10-28T11:10:22 IST" duration-ms="12775">
    <groups>
    </groups>
    <test started-at="2023-10-28T11:10:09 IST" name="Default test" finished-at="2023-10-28T11:10:22 IST" duration-ms="12775">
      <class name="testScripts.selectTest">
        <test-method is-config="true" signature="browserSetUp(java.lang.String)[pri:0, instance:testScripts.selectTest@72e5a8e]" started-at="2023-10-28T11:10:09 IST" name="browserSetUp" finished-at="2023-10-28T11:10:15 IST" duration-ms="5816" status="PASS">
          <params>
            <param index="0">
              <value>
                <![CDATA[chrome]]>
              </value>
            </param>
          </params>
          <reporter-output>
          </reporter-output>
        </test-method> <!-- browserSetUp -->
        <test-method signature="selectMethods()[pri:0, instance:testScripts.selectTest@72e5a8e]" started-at="2023-10-28T11:10:15 IST" name="selectMethods" finished-at="2023-10-28T11:10:22 IST" duration-ms="6661" status="PASS">
          <reporter-output>
          </reporter-output>
        </test-method> <!-- selectMethods -->
        <test-method is-config="true" signature="browserTearDown()[pri:0, instance:testScripts.selectTest@72e5a8e]" started-at="2023-10-28T11:10:22 IST" name="browserTearDown" finished-at="2023-10-28T11:10:22 IST" duration-ms="245" status="PASS">
          <reporter-output>
          </reporter-output>
        </test-method> <!-- browserTearDown -->
      </class> <!-- testScripts.selectTest -->
    </test> <!-- Default test -->
  </suite> <!-- Default suite -->
</testng-results>
